TOOL:	xrun	19.09-s003: Started on Oct 13, 2022 at 16:08:47 CEST
xrun
	-F ../tb/tb.f
		-F ../tb/../../rtl/rtl.f
			single_cycle_add_and_xor.vhd
			three_cycle_mult.vhd
			tinyalu.vhd
		tinyalu_tb.sv
	-v93
	+nowarnDSEM2009
	+nowarnDSEMEL
	+nowarnCGDEFN
	+nowarnCOVUTA
	+nowarnBADPRF
	+nowarnXCLGNOPTM
	+nowarnRNDXCELON
	-xmlibdirname INCA_libs_gui
	+access+r
	+gui
	+overwrite
	-nocopyright
	-coverage all
	-covoverwrite
	-covfile xrun_covfile.txt
	+UVM_TESTNAME=lab00
	-l xrun_gui.log
	-s
xcelium> 
xcelium> source /cad/XCELIUM1909/tools/xcelium/files/xmsimrc
xcelium> source /cad/XCELIUM1909/tools/methodology/UVM/CDNS-1.1d/additions/sv/files/tcl/uvm_sim.tcl
xcelium> 
-------------------------------------
Relinquished control to SimVision...
# Restoring simulation environment...
xcelium> input -quiet .reinvoke.sim
xcelium> file delete .reinvoke.sim
xcelium> run
Test PASSED.
Simulation complete via $finish(1) at time 4380 NS + 0
../tb/tinyalu_tb.sv:145     $finish;
xcelium> ^C
xcelium> exit
See ./cov_work/scope/test/icc.com file for message(s) on coverage constant object marking

coverage setup:
  workdir  :  ./cov_work
  dutinst  :  top(top)
  scope    :  scope
  testname :  test

coverage files:
  model(design data) :  ./cov_work/scope/icc_70952e30_7d8d106d.ucm
  data               :  ./cov_work/scope/test/icc_70952e30_7d8d106d.ucd
TOOL:	xrun	19.09-s003: Exiting on Oct 13, 2022 at 16:09:54 CEST  (total: 00:01:07)
