TOOL:	xrun	19.09-s003: Started on Oct 13, 2022 at 15:58:00 CEST
xrun
	-elaborate
	-l xrun_elaborate.log
	-F ../tb/tb.f
		-F ../tb/../../rtl/rtl.f
			single_cycle_add_and_xor.vhd
			three_cycle_mult.vhd
			tinyalu.vhd
		tinyalu_tb.sv
	-v93
	+nowarnDSEM2009
	+nowarnDSEMEL
	+nowarnCGDEFN
	+nowarnCOVUTA
	+nowarnBADPRF
	+nowarnXCLGNOPTM
	+nowarnRNDXCELON
	-xmlibdirname INCA_libs_gui
	+access+r
	+gui
	+overwrite
	-nocopyright
	-coverage all
	-covoverwrite
	-covfile xrun_covfile.txt
		Caching library 'worklib' ....... Done
	Elaborating the design hierarchy:
		Caching library 'worklib' ....... Done
	Top level design units:
		top

	Extracting FSMs for coverage:
		WORKLIB.single_cycle:add_and_xor
		WORKLIB.three_cycle:mult
		WORKLIB.tinyalu:rtl
		worklib.top
	Total FSMs extracted = 0
	Building instance overlay tables: .................... Done
	Enabling instrumentation for coverage types: block expression FSM toggle functional
	Generating native compiled code:
		worklib.top:sv <0x64c728c6>
			streams:  12, words: 18541
	Enabling instrumentation for coverage types: block expression FSM toggle functional
	Building instance specific data structures.
	Performing constant object marking (COM) analysis.
	Loading native compiled code:     .................... Done
	Design hierarchy summary:
		              Instances  Unique
	VHDL Design hierarchy:
		Components:           3       3
		Processes:            9       9
		Signals:             16      16
	Verilog Design hierarchy:
		Modules:              1       1
		Registers:           18      18
		Scalar wires:         3       -
		Expanded wires:      19       3
		Initial blocks:       3       3
		Final blocks:         1       1
		Cont. assignments:    0       1
		Pseudo assignments:   3       3
		Assertions:           1       1
	Writing initial simulation snapshot: worklib.top:sv
TOOL:	xrun	19.09-s003: Exiting on Oct 13, 2022 at 15:58:01 CEST  (total: 00:00:01)
