TOOL:	xrun	19.09-s003: Started on Oct 13, 2022 at 15:58:00 CEST
xrun
	-compile
	-l xrun_compile.log
	-F ../tb/tb.f
		-F ../tb/../../rtl/rtl.f
			single_cycle_add_and_xor.vhd
			three_cycle_mult.vhd
			tinyalu.vhd
		tinyalu_tb.sv
	-v93
	+nowarnDSEM2009
	+nowarnDSEMEL
	+nowarnCGDEFN
	+nowarnCOVUTA
	+nowarnBADPRF
	+nowarnXCLGNOPTM
	+nowarnRNDXCELON
	-xmlibdirname INCA_libs_gui
	+access+r
	+gui
	+overwrite
	-nocopyright
	-coverage all
	-covoverwrite
	-covfile xrun_covfile.txt
file: ../tb/tinyalu_tb.sv
	module worklib.top:sv
		errors: 0, warnings: 0
../tb/../../rtl/single_cycle_add_and_xor.vhd:
	errors: 0, warnings: 0
../tb/../../rtl/three_cycle_mult.vhd:
	errors: 0, warnings: 0
../tb/../../rtl/tinyalu.vhd:
	errors: 0, warnings: 0
WORKLIB.SINGLE_CYCLE (entity):
	streams: 13, words: 975
WORKLIB.SINGLE_CYCLE:ADD_AND_XOR (architecture):
	streams: 1, words: 114
WORKLIB.THREE_CYCLE (entity):
	streams: 11, words: 760
WORKLIB.THREE_CYCLE:MULT (architecture):
	streams: 1, words: 926
WORKLIB.TINYALU (entity):
	streams: 13, words: 985
WORKLIB.TINYALU:RTL (architecture):
	streams: 3, words: 3578
TOOL:	xrun	19.09-s003: Exiting on Oct 13, 2022 at 15:58:00 CEST  (total: 00:00:00)
