/eda/cadence/2021-22/RHELx86/XCELIUM_21.03.009/tools.lnx86/inca/bin/xmsim
Obtained 24 stack frames.
/eda/cadence/2021-22/RHELx86/XCELIUM_21.03.009/tools.lnx86/inca/bin/../../lib/libcbreakpad.so(_Z13use_backtracev+0xa1) [0xf73302b0]
/eda/cadence/2021-22/RHELx86/XCELIUM_21.03.009/tools.lnx86/inca/bin/../../lib/libcbreakpad.so(cbpad_generate_dump_on_demand+0x90) [0xf733062b]
xmsim() [0x93909d0]
xmsim(serror+0x1a) [0x9391e6a]
xmsim() [0x867a6af]
xmsim() [0x867ac93]
[0xf77b2410]
xmsim() [0x8701f6b]
xmsim() [0x86f7be0]
xmsim() [0x8807ad2]
xmsim() [0x8e460ba]
xmsim() [0x8e5178d]
xmsim() [0x8e53795]
xmsim() [0x8e95130]
xmsim(sslu_traverse_scopes+0x2d9) [0x889c659]
xmsim(sslu_traverse_scopes+0x1584) [0x889d904]
xmsim() [0x8e6fe45]
xmsim() [0x8e96ef0]
xmsim() [0x829d2fd]
xmsim() [0x81f5cd2]
xmsim() [0x81f62e9]
xmsim() [0x81f6657]
[0xf77b2410]
[0xc07dfe0]
