/eda/cadence/2021-22/RHELx86/XCELIUM_21.03.009/tools.lnx86/inca/bin/xmsim
Obtained 49 stack frames.
/eda/cadence/2021-22/RHELx86/XCELIUM_21.03.009/tools.lnx86/inca/bin/../../lib/libcbreakpad.so(_Z13use_backtracev+0xa1) [0xf73092b0]
/eda/cadence/2021-22/RHELx86/XCELIUM_21.03.009/tools.lnx86/inca/bin/../../lib/libcbreakpad.so(cbpad_generate_dump_on_demand+0x90) [0xf730962b]
xmsim() [0x93909d0]
xmsim(serror+0x1a) [0x9391e6a]
xmsim() [0x867a6af]
xmsim() [0x867ac93]
[0xf778c410]
xmsim() [0x8701f6b]
xmsim() [0x86f7be0]
xmsim() [0x8807ad2]
xmsim() [0x8e460ba]
xmsim() [0x8e5178d]
xmsim() [0x8e53795]
xmsim() [0x8e95130]
xmsim(sslu_traverse_scopes+0x2d9) [0x889c659]
xmsim(sslu_traverse_scopes+0x1584) [0x889d904]
xmsim() [0x8e6fe45]
xmsim() [0x8e96ef0]
xmsim() [0x829d2fd]
xmsim() [0x81f5cd2]
xmsim() [0x81f62e9]
xmsim() [0x81f6657]
[0xf778c410]
xmsim() [0x937c280]
[0xf778c400]
[0xf778c430]
/lib/libc.so.6(kill+0x16) [0xf7379596]
xmsim() [0x8f29ae7]
xmsim() [0x820fa75]
xmsim(simcmd_run+0x6fc) [0x8211cd2]
xmsim() [0x82127da]
xmsim() [0x85b523a]
xmsim(TclInvokeStringCommand+0x7c) [0x8cc42cc]
xmsim() [0x8cc3d65]
xmsim() [0x8cc97bb]
xmsim(Tcl_EvalObjv+0x3d) [0x8cc983d]
xmsim() [0x8ccba9b]
xmsim(Tcl_EvalEx+0x1e) [0x8ccc19e]
xmsim() [0x8ccc294]
xmsim() [0x8ccc584]
xmsim(Tcl_EvalObjEx+0x24) [0x8ccc5c4]
xmsim(Tcl_RecordAndEvalObj+0xce) [0x8d6c95e]
xmsim(Tcl_RecordAndEval+0x44) [0x8d6cb34]
xmsim() [0x85b918c]
xmsim() [0x81f5259]
xmsim(ncmain+0x89) [0x81f4105]
xmsim(main+0x22) [0x9c8d0c6]
/lib/libc.so.6(__libc_start_main+0xf3) [0xf73642d3]
xmsim() [0x8169d0d]
